0 info it worked if it ends with ok
1 verbose cli [ 'C:\\Program Files\\nodejs\\node.exe',
1 verbose cli   'C:\\Program Files\\nodejs\\node_modules\\npm\\bin\\npm-cli.js',
1 verbose cli   'run',
1 verbose cli   'lint' ]
2 info using npm@3.3.6
3 info using node@v5.0.0
4 verbose run-script [ 'prelint', 'lint', 'postlint' ]
5 info lifecycle get-windows-env@0.0.2~prelint: get-windows-env@0.0.2
6 silly lifecycle get-windows-env@0.0.2~prelint: no script for prelint, continuing
7 info lifecycle get-windows-env@0.0.2~lint: get-windows-env@0.0.2
8 verbose lifecycle get-windows-env@0.0.2~lint: unsafe-perm in lifecycle true
9 verbose lifecycle get-windows-env@0.0.2~lint: PATH: C:\Users\fabia\Tools\nvm\v5.0.0\node_modules\npm\bin\node-gyp-bin;D:\dev\projects\private\inprogress\get-windows-env\node_modules\.bin;C:\Users\fabia\Tools\Cmder\bin;C:\Users\fabia\Tools\Cmder\vendor\git-for-windows\bin;C:\Users\fabia\Tools\Cmder\vendor\git-for-windows\usr\bin;C:\Users\fabia\Tools\Cmder\vendor\git-for-windows\share\vim\vim74;C:\Users\fabia\Tools\Cmder\vendor\conemu-maximus5;C:\Users\fabia\Tools\Cmder\vendor\conemu-maximus5\ConEmu;C:\ProgramData\Oracle\Java\javapath;C:\WINDOWS\system32;C:\WINDOWS;C:\WINDOWS\System32\Wbem;C:\WINDOWS\System32\WindowsPowerShell\v1.0\;C:\Program Files (x86)\Skype\Phone\;C:\Users\fabia\Tools\nvm;C:\Program Files\nodejs;C:\Users\fabia\AppData\Local\atom\bin;C:\Users\fabia\Tools\nvm;C:\Program Files\nodejs;C:\Users\fabia\Tools\Cmder
10 verbose lifecycle get-windows-env@0.0.2~lint: CWD: D:\dev\projects\private\inprogress\get-windows-env
11 silly lifecycle get-windows-env@0.0.2~lint: Args: [ '/d /s /c', 'eslint -c eslint.json src test dist' ]
12 silly lifecycle get-windows-env@0.0.2~lint: Returned: code: 1  signal: null
13 info lifecycle get-windows-env@0.0.2~lint: Failed to exec lint script
14 verbose stack Error: get-windows-env@0.0.2 lint: `eslint -c eslint.json src test dist`
14 verbose stack Exit status 1
14 verbose stack     at EventEmitter.<anonymous> (C:\Users\fabia\Tools\nvm\v5.0.0\node_modules\npm\lib\utils\lifecycle.js:233:16)
14 verbose stack     at emitTwo (events.js:87:13)
14 verbose stack     at EventEmitter.emit (events.js:172:7)
14 verbose stack     at ChildProcess.<anonymous> (C:\Users\fabia\Tools\nvm\v5.0.0\node_modules\npm\lib\utils\spawn.js:24:14)
14 verbose stack     at emitTwo (events.js:87:13)
14 verbose stack     at ChildProcess.emit (events.js:172:7)
14 verbose stack     at maybeClose (internal/child_process.js:818:16)
14 verbose stack     at Process.ChildProcess._handle.onexit (internal/child_process.js:211:5)
15 verbose pkgid get-windows-env@0.0.2
16 verbose cwd D:\dev\projects\private\inprogress\get-windows-env
17 error Windows_NT 10.0.10240
18 error argv "C:\\Program Files\\nodejs\\node.exe" "C:\\Program Files\\nodejs\\node_modules\\npm\\bin\\npm-cli.js" "run" "lint"
19 error node v5.0.0
20 error npm  v3.3.6
21 error code ELIFECYCLE
22 error get-windows-env@0.0.2 lint: `eslint -c eslint.json src test dist`
22 error Exit status 1
23 error Failed at the get-windows-env@0.0.2 lint script 'eslint -c eslint.json src test dist'.
23 error This is most likely a problem with the get-windows-env package,
23 error not with npm itself.
23 error Tell the author that this fails on your system:
23 error     eslint -c eslint.json src test dist
23 error You can get their info via:
23 error     npm owner ls get-windows-env
23 error There is likely additional logging output above.
24 verbose exit [ 1, true ]
